Using pre-set license
Built from '2022.3/staging' branch; Version is '2022.3.14f1 (eff2de9070d8) revision 15725278'; Using compiler version '192829333'; Build Type 'Release'
OS: 'Windows 11  (10.0.22621) 64bit Core' Language: 'en' Physical Memory: 65254 MB
BatchMode: 1, IsHumanControllingUs: 0, StartBugReporterOnCrash: 0, Is64bit: 1, IsPro: 1

COMMAND LINE ARGUMENTS:
C:\Program Files\Unity\Hub\Editor\2022.3.14f1\Editor\Unity.exe
-adb2
-batchMode
-noUpm
-name
AssetImportWorker13
-projectPath
C:/Users/Crazy/GitHubRepo/MMO_RPG
-logFile
Logs/AssetImportWorker13.log
-srvPort
61834
Successfully changed project path to: C:/Users/Crazy/GitHubRepo/MMO_RPG
C:/Users/Crazy/GitHubRepo/MMO_RPG
[UnityMemory] Configuration Parameters - Can be set up in boot.config
    "memorysetup-bucket-allocator-granularity=16"
    "memorysetup-bucket-allocator-bucket-count=8"
    "memorysetup-bucket-allocator-block-size=33554432"
    "memorysetup-bucket-allocator-block-count=8"
    "memorysetup-main-allocator-block-size=16777216"
    "memorysetup-thread-allocator-block-size=16777216"
    "memorysetup-gfx-main-allocator-block-size=16777216"
    "memorysetup-gfx-thread-allocator-block-size=16777216"
    "memorysetup-cache-allocator-block-size=4194304"
    "memorysetup-typetree-allocator-block-size=2097152"
    "memorysetup-profiler-bucket-allocator-granularity=16"
    "memorysetup-profiler-bucket-allocator-bucket-count=8"
    "memorysetup-profiler-bucket-allocator-block-size=33554432"
    "memorysetup-profiler-bucket-allocator-block-count=8"
    "memorysetup-profiler-allocator-block-size=16777216"
    "memorysetup-profiler-editor-allocator-block-size=1048576"
    "memorysetup-temp-allocator-size-main=16777216"
    "memorysetup-job-temp-allocator-block-size=2097152"
    "memorysetup-job-temp-allocator-block-size-background=1048576"
    "memorysetup-job-temp-allocator-reduction-small-platforms=262144"
    "memorysetup-allocator-temp-initial-block-size-main=262144"
    "memorysetup-allocator-temp-initial-block-size-worker=262144"
    "memorysetup-temp-allocator-size-background-worker=32768"
    "memorysetup-temp-allocator-size-job-worker=262144"
    "memorysetup-temp-allocator-size-preload-manager=33554432"
    "memorysetup-temp-allocator-size-nav-mesh-worker=65536"
    "memorysetup-temp-allocator-size-audio-worker=65536"
    "memorysetup-temp-allocator-size-cloud-worker=32768"
    "memorysetup-temp-allocator-size-gi-baking-worker=262144"
    "memorysetup-temp-allocator-size-gfx=262144"
Player connection [11636] Host "[IP] 192.168.254.38 [Port] 0 [Flags] 2 [Guid] 2348989236 [EditorId] 2348989236 [Version] 1048832 [Id] WindowsEditor(7,Bailey) [Debug] 1 [PackageName] WindowsEditor [ProjectName] Editor" joined multi-casting on [225.0.0.222:54997]...

Player connection [11636] Host "[IP] 192.168.254.38 [Port] 0 [Flags] 2 [Guid] 2348989236 [EditorId] 2348989236 [Version] 1048832 [Id] WindowsEditor(7,Bailey) [Debug] 1 [PackageName] WindowsEditor [ProjectName] Editor" joined alternative multi-casting on [225.0.0.222:34997]...

[Physics::Module] Initialized MultithreadedJobDispatcher with 23 workers.
Refreshing native plugins compatible for Editor in 4.97 ms, found 3 plugins.
Preloading 0 native plugins for Editor in 0.00 ms.
Initialize engine version: 2022.3.14f1 (eff2de9070d8)
[Subsystems] Discovering subsystems at path C:/Program Files/Unity/Hub/Editor/2022.3.14f1/Editor/Data/Resources/UnitySubsystems
[Subsystems] Discovering subsystems at path C:/Users/Crazy/GitHubRepo/MMO_RPG/Assets
GfxDevice: creating device client; threaded=0; jobified=0
Direct3D:
    Version:  Direct3D 11.0 [level 11.1]
    Renderer: NVIDIA GeForce RTX 4080 (ID=0x2704)
    Vendor:   NVIDIA
    VRAM:     16064 MB
    Driver:   31.0.15.4629
Initialize mono
Mono path[0] = 'C:/Program Files/Unity/Hub/Editor/2022.3.14f1/Editor/Data/Managed'
Mono path[1] = 'C:/Program Files/Unity/Hub/Editor/2022.3.14f1/Editor/Data/MonoBleedingEdge/lib/mono/unityjit-win32'
Mono config path = 'C:/Program Files/Unity/Hub/Editor/2022.3.14f1/Editor/Data/MonoBleedingEdge/etc'
Using monoOptions --debugger-agent=transport=dt_socket,embedding=1,server=y,suspend=n,address=127.0.0.1:56904
Begin MonoManager ReloadAssembly
Registering precompiled unity dll's ...
Register platform support module: C:/Program Files/Unity/Hub/Editor/2022.3.14f1/Editor/Data/PlaybackEngines/WebGLSupport/UnityEditor.WebGL.Extensions.dll
Register platform support module: C:/Program Files/Unity/Hub/Editor/2022.3.14f1/Editor/Data/PlaybackEngines/WindowsStandaloneSupport/UnityEditor.WindowsStandalone.Extensions.dll
Registered in 0.003225 seconds.
- Loaded All Assemblies, in  0.225 seconds
Native extension for WindowsStandalone target not found
Native extension for WebGL target not found
Mono: successfully reloaded assembly
- Finished resetting the current domain, in  0.148 seconds
Domain Reload Profiling: 373ms
	BeginReloadAssembly (64ms)
		ExecutionOrderSort (0ms)
		DisableScriptedObjects (0ms)
		BackupInstance (0ms)
		ReleaseScriptingObjects (0ms)
		CreateAndSetChildDomain (1ms)
	RebuildCommonClasses (29ms)
	RebuildNativeTypeToScriptingClass (7ms)
	initialDomainReloadingComplete (34ms)
	LoadAllAssembliesAndSetupDomain (91ms)
		LoadAssemblies (62ms)
		RebuildTransferFunctionScriptingTraits (0ms)
		AnalyzeDomain (90ms)
			TypeCache.Refresh (89ms)
				TypeCache.ScanAssembly (81ms)
			ScanForSourceGeneratedMonoScriptInfo (0ms)
			ResolveRequiredComponents (0ms)
	FinalizeReload (149ms)
		ReleaseScriptCaches (0ms)
		RebuildScriptCaches (0ms)
		SetupLoadedEditorAssemblies (116ms)
			LogAssemblyErrors (0ms)
			InitializePlatformSupportModulesInManaged (5ms)
			SetLoadedEditorAssemblies (3ms)
			RefreshPlugins (0ms)
			BeforeProcessingInitializeOnLoad (1ms)
			ProcessInitializeOnLoadAttributes (80ms)
			ProcessInitializeOnLoadMethodAttributes (27ms)
			AfterProcessingInitializeOnLoad (0ms)
			EditorAssembliesLoaded (0ms)
		ExecutionOrderSort2 (0ms)
		AwakeInstancesAfterBackupRestoration (0ms)
========================================================================
Worker process is ready to serve import requests
Begin MonoManager ReloadAssembly
- Loaded All Assemblies, in  0.433 seconds
Refreshing native plugins compatible for Editor in 2.00 ms, found 3 plugins.
Native extension for WindowsStandalone target not found
Native extension for WebGL target not found
Package Manager log level set to [2]
[Package Manager] Server::EnsureServerProcessIsRunning -- launch failed, reason: Unity was launched with the -noUpm command-line argument
[Package Manager] UpmClient::Send -- Unable to send message (not connected to UPM process).
[Package Manager] Cannot connect to Unity Package Manager local server
Mono: successfully reloaded assembly
- Finished resetting the current domain, in  0.503 seconds
Domain Reload Profiling: 935ms
	BeginReloadAssembly (85ms)
		ExecutionOrderSort (0ms)
		DisableScriptedObjects (3ms)
		BackupInstance (0ms)
		ReleaseScriptingObjects (0ms)
		CreateAndSetChildDomain (15ms)
	RebuildCommonClasses (18ms)
	RebuildNativeTypeToScriptingClass (6ms)
	initialDomainReloadingComplete (14ms)
	LoadAllAssembliesAndSetupDomain (308ms)
		LoadAssemblies (158ms)
		RebuildTransferFunctionScriptingTraits (0ms)
		AnalyzeDomain (199ms)
			TypeCache.Refresh (164ms)
				TypeCache.ScanAssembly (147ms)
			ScanForSourceGeneratedMonoScriptInfo (21ms)
			ResolveRequiredComponents (12ms)
	FinalizeReload (503ms)
		ReleaseScriptCaches (0ms)
		RebuildScriptCaches (0ms)
		SetupLoadedEditorAssemblies (387ms)
			LogAssemblyErrors (0ms)
			InitializePlatformSupportModulesInManaged (4ms)
			SetLoadedEditorAssemblies (2ms)
			RefreshPlugins (0ms)
			BeforeProcessingInitializeOnLoad (33ms)
			ProcessInitializeOnLoadAttributes (331ms)
			ProcessInitializeOnLoadMethodAttributes (16ms)
			AfterProcessingInitializeOnLoad (2ms)
			EditorAssembliesLoaded (0ms)
		ExecutionOrderSort2 (0ms)
		AwakeInstancesAfterBackupRestoration (4ms)
Launched and connected shader compiler UnityShaderCompiler.exe after 0.06 seconds
Refreshing native plugins compatible for Editor in 2.94 ms, found 3 plugins.
Preloading 0 native plugins for Editor in 0.00 ms.
Unloading 4507 Unused Serialized files (Serialized files now loaded: 0)
Unloading 51 unused Assets / (1.3 MB). Loaded Objects now: 4985.
Memory consumption went from 281.7 MB to 280.4 MB.
Total: 3.678500 ms (FindLiveObjects: 0.257000 ms CreateObjectMapping: 0.143500 ms MarkObjects: 2.904700 ms  DeleteObjects: 0.371700 ms)

AssetImportParameters requested are different than current active one (requested -> active):
  custom:container-demuxer-ogg: 62fdf1f143b41e24485cea50d1cbac27 -> 
  custom:video-codec-MediaFoundation-h265: 746d11721c4dcdbdad8f713fa42b33f4 -> 
  custom:video-decoder-ogg-theora: a1e56fd34408186e4bbccfd4996cb3dc -> 
  custom:framework-win-MediaFoundation: 216162199b28c13a410421893ffa2e32 -> 
  custom:CustomObjectIndexerAttribute: 756ad292c208cfabdd7b50bc23989ffe -> 
  custom:container-demuxer-webm: 4f35f7cbe854078d1ac9338744f61a02 -> 
  custom:container-muxer-webm: aa71ff27fc2769a1b78a27578f13a17b -> 
  custom:video-decoder-webm-vp8: 9c59270c3fd7afecdb556c50c9e8de78 -> 
  custom:SearchIndexIgnoredProperties: e643bd26f0fe6173181afceb89e7c659 -> 
  custom:AudioImporter_EditorPlatform: d09bf68614088b80899f8185d706f6e7 -> 
  custom:video-encoder-webm-vp8: eb34c28f22e8b96e1ab97ce403110664 -> 
  custom:audio-decoder-ogg-vorbis: bf7c407c2cedff20999df2af8eb42d56 -> 
  custom:audio-encoder-webm-vorbis: bf7c407c2cedff20999df2af8eb42d56 -> 
========================================================================
Received Import Request.
  Time since last request: 72894.827954 seconds.
  path: Assets/Elven Weapons/Prefabs/Elven_Hammer_01.prefab
  artifactKey: Guid(10db7613182234844b9811feba1568bf) Importer(815301076,1909f56bfc062723c751e8b465ee728b)
Start importing Assets/Elven Weapons/Prefabs/Elven_Hammer_01.prefab using Guid(10db7613182234844b9811feba1568bf) Importer(815301076,1909f56bfc062723c751e8b465ee728b)  -> (artifact id: '5ad2815a6037953aac755c2cf82f8544') in 0.154524 seconds
Number of updated asset objects reloaded before import = 0
Number of asset objects unloaded after import = 13
========================================================================
Received Import Request.
  Time since last request: 90.674100 seconds.
  path: Assets/AnyRPG/Core/Content/Images/Icons/Ability/AbilitySwordFalchionBlue.png
  artifactKey: Guid(62f27ee96b52d164f8a8ceaa5ca7a3a6) Importer(815301076,1909f56bfc062723c751e8b465ee728b)
Start importing Assets/AnyRPG/Core/Content/Images/Icons/Ability/AbilitySwordFalchionBlue.png using Guid(62f27ee96b52d164f8a8ceaa5ca7a3a6) Importer(815301076,1909f56bfc062723c751e8b465ee728b)  -> (artifact id: 'fdee1249d47c9223ef3095b0885bf9e5') in 0.024495 seconds
Number of updated asset objects reloaded before import = 0
Number of asset objects unloaded after import = 3
========================================================================
Received Import Request.
  Time since last request: 0.000014 seconds.
  path: Assets/AnyRPG/Core/Content/Images/Icons/Ability/AbilitySwordFalchionViolet.png
  artifactKey: Guid(53ec563dc07ae014a80cf6f1c9d36adb) Importer(815301076,1909f56bfc062723c751e8b465ee728b)
Start importing Assets/AnyRPG/Core/Content/Images/Icons/Ability/AbilitySwordFalchionViolet.png using Guid(53ec563dc07ae014a80cf6f1c9d36adb) Importer(815301076,1909f56bfc062723c751e8b465ee728b)  -> (artifact id: '7bf4299d2a97c71f1a28ca68712fcfa8') in 0.011511 seconds
Number of updated asset objects reloaded before import = 0
Number of asset objects unloaded after import = 3
========================================================================
Received Import Request.
  Time since last request: 0.002987 seconds.
  path: Assets/AnyRPG/Core/Content/Images/Icons/Ability/AbilitySwordFalchionGreen.png
  artifactKey: Guid(d816e0b4ab8ea91498660b258cec71ef) Importer(815301076,1909f56bfc062723c751e8b465ee728b)
Start importing Assets/AnyRPG/Core/Content/Images/Icons/Ability/AbilitySwordFalchionGreen.png using Guid(d816e0b4ab8ea91498660b258cec71ef) Importer(815301076,1909f56bfc062723c751e8b465ee728b)  -> (artifact id: 'dfed6c0d536be1734dd39dc66bb3be93') in 0.015035 seconds
Number of updated asset objects reloaded before import = 0
Number of asset objects unloaded after import = 3
========================================================================
Received Import Request.
  Time since last request: 0.002088 seconds.
  path: Assets/AnyRPG/Core/Content/Images/Icons/Ability/AbilitySwordHitGlowGreenBG.png
  artifactKey: Guid(85b45a665699d7e4081ab0f8c966f1a8) Importer(815301076,1909f56bfc062723c751e8b465ee728b)
Start importing Assets/AnyRPG/Core/Content/Images/Icons/Ability/AbilitySwordHitGlowGreenBG.png using Guid(85b45a665699d7e4081ab0f8c966f1a8) Importer(815301076,1909f56bfc062723c751e8b465ee728b)  -> (artifact id: '5bca91038328832d28128fa990500b31') in 0.015106 seconds
Number of updated asset objects reloaded before import = 0
Number of asset objects unloaded after import = 3
========================================================================
Received Import Request.
  Time since last request: 0.000015 seconds.
  path: Assets/AnyRPG/Core/Content/Images/Icons/Ability/AbilitySwordHitGlowYellow.png
  artifactKey: Guid(df65a6bbee7f73a479e18f7b92046086) Importer(815301076,1909f56bfc062723c751e8b465ee728b)
Start importing Assets/AnyRPG/Core/Content/Images/Icons/Ability/AbilitySwordHitGlowYellow.png using Guid(df65a6bbee7f73a479e18f7b92046086) Importer(815301076,1909f56bfc062723c751e8b465ee728b)  -> (artifact id: '5065b63c54ccd81a942a53ccf9aeb5e9') in 0.014330 seconds
Number of updated asset objects reloaded before import = 0
Number of asset objects unloaded after import = 3
========================================================================
Received Import Request.
  Time since last request: 0.000018 seconds.
  path: Assets/AnyRPG/Core/Content/Images/Icons/Ability/AbilitySwordStab.png
  artifactKey: Guid(776f3749f72b9f149b3e0a6b0173d7b1) Importer(815301076,1909f56bfc062723c751e8b465ee728b)
Start importing Assets/AnyRPG/Core/Content/Images/Icons/Ability/AbilitySwordStab.png using Guid(776f3749f72b9f149b3e0a6b0173d7b1) Importer(815301076,1909f56bfc062723c751e8b465ee728b)  -> (artifact id: '1ee3741fda060f6478dd22dbd3d7468a') in 0.011189 seconds
Number of updated asset objects reloaded before import = 0
Number of asset objects unloaded after import = 3
========================================================================
Received Import Request.
  Time since last request: 0.000059 seconds.
  path: Assets/AnyRPG/Core/Content/Images/Icons/Ability/AbilitySwordStabGlowGreen.png
  artifactKey: Guid(662071b1773c8584080734db098254db) Importer(815301076,1909f56bfc062723c751e8b465ee728b)
Start importing Assets/AnyRPG/Core/Content/Images/Icons/Ability/AbilitySwordStabGlowGreen.png using Guid(662071b1773c8584080734db098254db) Importer(815301076,1909f56bfc062723c751e8b465ee728b)  -> (artifact id: '47a5839dbbb10ab0118680d7274861d3') in 0.011454 seconds
Number of updated asset objects reloaded before import = 0
Number of asset objects unloaded after import = 3
========================================================================
Received Import Request.
  Time since last request: 0.000025 seconds.
  path: Assets/AnyRPG/Core/Content/Images/Icons/Ability/AbilitySwordsThrust.png
  artifactKey: Guid(12556ce226aefc24a918c883854eb339) Importer(815301076,1909f56bfc062723c751e8b465ee728b)
Start importing Assets/AnyRPG/Core/Content/Images/Icons/Ability/AbilitySwordsThrust.png using Guid(12556ce226aefc24a918c883854eb339) Importer(815301076,1909f56bfc062723c751e8b465ee728b)  -> (artifact id: 'f968ecaf224d638568af2df0ed6fd542') in 0.010897 seconds
Number of updated asset objects reloaded before import = 0
Number of asset objects unloaded after import = 3
========================================================================
Received Import Request.
  Time since last request: 0.000014 seconds.
  path: Assets/AnyRPG/Core/Content/Images/Icons/Equipment/Weapon/Sword/BasicCopperTwoHandSword.png
  artifactKey: Guid(474fdb808525d2e41a007e02ed030f5b) Importer(815301076,1909f56bfc062723c751e8b465ee728b)
Start importing Assets/AnyRPG/Core/Content/Images/Icons/Equipment/Weapon/Sword/BasicCopperTwoHandSword.png using Guid(474fdb808525d2e41a007e02ed030f5b) Importer(815301076,1909f56bfc062723c751e8b465ee728b)  -> (artifact id: '28d04637b1a783ded389081b11f21585') in 0.012767 seconds
Number of updated asset objects reloaded before import = 0
Number of asset objects unloaded after import = 3
========================================================================
Received Import Request.
  Time since last request: 0.000015 seconds.
  path: Assets/AnyRPG/Core/Content/Images/Icons/Ability/AbilitySwordStabGlowViolet.png
  artifactKey: Guid(4d665897c4f41b64581b0a5e34746638) Importer(815301076,1909f56bfc062723c751e8b465ee728b)
Start importing Assets/AnyRPG/Core/Content/Images/Icons/Ability/AbilitySwordStabGlowViolet.png using Guid(4d665897c4f41b64581b0a5e34746638) Importer(815301076,1909f56bfc062723c751e8b465ee728b)  -> (artifact id: 'a24a58d9ff054a0321d94c5f5d73166e') in 0.018027 seconds
Number of updated asset objects reloaded before import = 0
Number of asset objects unloaded after import = 3
========================================================================
Received Import Request.
  Time since last request: 0.000013 seconds.
  path: Assets/AnyRPG/Core/Content/Images/Icons/Ability/AbilitySwordHitGlowViolet.png
  artifactKey: Guid(1b2fb40e7f53f364bbe87fe5e8f6c425) Importer(815301076,1909f56bfc062723c751e8b465ee728b)
Start importing Assets/AnyRPG/Core/Content/Images/Icons/Ability/AbilitySwordHitGlowViolet.png using Guid(1b2fb40e7f53f364bbe87fe5e8f6c425) Importer(815301076,1909f56bfc062723c751e8b465ee728b)  -> (artifact id: '379f0667b5c100f9cdb6e39bb85c128a') in 0.017590 seconds
Number of updated asset objects reloaded before import = 0
Number of asset objects unloaded after import = 3
========================================================================
Received Import Request.
  Time since last request: 0.000013 seconds.
  path: Assets/AnyRPG/Core/Content/Images/Icons/Ability/AbilitySwordHitGlowBlueBG.png
  artifactKey: Guid(adba49eea7535c744aa793a9fdc3257d) Importer(815301076,1909f56bfc062723c751e8b465ee728b)
Start importing Assets/AnyRPG/Core/Content/Images/Icons/Ability/AbilitySwordHitGlowBlueBG.png using Guid(adba49eea7535c744aa793a9fdc3257d) Importer(815301076,1909f56bfc062723c751e8b465ee728b)  -> (artifact id: 'ea039bab6dab15bec6b46b12b7ee65d1') in 0.017674 seconds
Number of updated asset objects reloaded before import = 0
Number of asset objects unloaded after import = 3
========================================================================
Received Import Request.
  Time since last request: 0.000020 seconds.
  path: Assets/AnyRPG/Core/Content/Images/Icons/Ability/AbilitySwordHitGlowGreen.png
  artifactKey: Guid(5147c224487e3df49bf56bc2c94bed2a) Importer(815301076,1909f56bfc062723c751e8b465ee728b)
Start importing Assets/AnyRPG/Core/Content/Images/Icons/Ability/AbilitySwordHitGlowGreen.png using Guid(5147c224487e3df49bf56bc2c94bed2a) Importer(815301076,1909f56bfc062723c751e8b465ee728b)  -> (artifact id: 'df93a20f84707e553047f6ca97852920') in 0.016144 seconds
Number of updated asset objects reloaded before import = 0
Number of asset objects unloaded after import = 3
========================================================================
Received Import Request.
  Time since last request: 0.000011 seconds.
  path: Assets/AnyRPG/Core/Content/Images/Icons/Ability/AbilitySwordFalchionYellow.png
  artifactKey: Guid(4e16b11c334c6b34080dfd5276f13201) Importer(815301076,1909f56bfc062723c751e8b465ee728b)
Start importing Assets/AnyRPG/Core/Content/Images/Icons/Ability/AbilitySwordFalchionYellow.png using Guid(4e16b11c334c6b34080dfd5276f13201) Importer(815301076,1909f56bfc062723c751e8b465ee728b)  -> (artifact id: '06a395963c744d0eb245ef58ba895fcb') in 0.015870 seconds
Number of updated asset objects reloaded before import = 0
Number of asset objects unloaded after import = 3
========================================================================
Received Import Request.
  Time since last request: 0.000013 seconds.
  path: Assets/AnyRPG/Core/Content/Images/Icons/Ability/AbilitySwordHitGlowBlue.png
  artifactKey: Guid(ce8259dcd63232c4aa86f8020bc6c900) Importer(815301076,1909f56bfc062723c751e8b465ee728b)
Start importing Assets/AnyRPG/Core/Content/Images/Icons/Ability/AbilitySwordHitGlowBlue.png using Guid(ce8259dcd63232c4aa86f8020bc6c900) Importer(815301076,1909f56bfc062723c751e8b465ee728b)  -> (artifact id: 'c48230f9cd4a44f19798c5ad9faa77f5') in 0.014900 seconds
Number of updated asset objects reloaded before import = 0
Number of asset objects unloaded after import = 3
========================================================================
Received Import Request.
  Time since last request: 0.000011 seconds.
  path: Assets/AnyRPG/Core/Content/Images/Icons/Ability/AbilitySwordFalchionCyan.png
  artifactKey: Guid(013dd5f2b3f5e604185fb2984f05c91f) Importer(815301076,1909f56bfc062723c751e8b465ee728b)
Start importing Assets/AnyRPG/Core/Content/Images/Icons/Ability/AbilitySwordFalchionCyan.png using Guid(013dd5f2b3f5e604185fb2984f05c91f) Importer(815301076,1909f56bfc062723c751e8b465ee728b)  -> (artifact id: '0228346a406ed00ce516930fffa244dc') in 0.015751 seconds
Number of updated asset objects reloaded before import = 0
Number of asset objects unloaded after import = 3
========================================================================
Received Import Request.
  Time since last request: 0.000022 seconds.
  path: Assets/AnyRPG/Core/Content/Images/Icons/Equipment/Weapon/Sword/BasicIronOneHandSword.png
  artifactKey: Guid(2baa54cc2dbe28d4497da35819793080) Importer(815301076,1909f56bfc062723c751e8b465ee728b)
Start importing Assets/AnyRPG/Core/Content/Images/Icons/Equipment/Weapon/Sword/BasicIronOneHandSword.png using Guid(2baa54cc2dbe28d4497da35819793080) Importer(815301076,1909f56bfc062723c751e8b465ee728b)  -> (artifact id: 'ae8626e0186506f86d75f10fab515290') in 0.017786 seconds
Number of updated asset objects reloaded before import = 0
Number of asset objects unloaded after import = 3
========================================================================
Received Import Request.
  Time since last request: 0.000014 seconds.
  path: Assets/AnyRPG/Core/Content/Images/Icons/Equipment/Weapon/Sword/BasicCopperOneHandSword.png
  artifactKey: Guid(83f5135b687bd184e9eedd0d4a1c892a) Importer(815301076,1909f56bfc062723c751e8b465ee728b)
Start importing Assets/AnyRPG/Core/Content/Images/Icons/Equipment/Weapon/Sword/BasicCopperOneHandSword.png using Guid(83f5135b687bd184e9eedd0d4a1c892a) Importer(815301076,1909f56bfc062723c751e8b465ee728b)  -> (artifact id: '264f055a8462357ea8b1a17bbf1f8a20') in 0.017290 seconds
Number of updated asset objects reloaded before import = 0
Number of asset objects unloaded after import = 3
========================================================================
Received Import Request.
  Time since last request: 0.000015 seconds.
  path: Assets/AnyRPG/Core/Content/Images/Icons/Ability/AbilitySwordHitGlowRed.png
  artifactKey: Guid(ab07af334d380bb4cb155d74576ed5cd) Importer(815301076,1909f56bfc062723c751e8b465ee728b)
Start importing Assets/AnyRPG/Core/Content/Images/Icons/Ability/AbilitySwordHitGlowRed.png using Guid(ab07af334d380bb4cb155d74576ed5cd) Importer(815301076,1909f56bfc062723c751e8b465ee728b)  -> (artifact id: '1130f603f83ce4702d281cb4c0a01c33') in 0.015333 seconds
Number of updated asset objects reloaded before import = 0
Number of asset objects unloaded after import = 3
========================================================================
Received Import Request.
  Time since last request: 0.000018 seconds.
  path: Assets/AnyRPG/Core/Content/Images/Icons/Ability/AbilitySwordHit.png
  artifactKey: Guid(922f4746ea265364089bf5be404dc377) Importer(815301076,1909f56bfc062723c751e8b465ee728b)
Start importing Assets/AnyRPG/Core/Content/Images/Icons/Ability/AbilitySwordHit.png using Guid(922f4746ea265364089bf5be404dc377) Importer(815301076,1909f56bfc062723c751e8b465ee728b)  -> (artifact id: 'a9c86ce628bda88dcfe268a0c7d3522a') in 0.017495 seconds
Number of updated asset objects reloaded before import = 0
Number of asset objects unloaded after import = 3
========================================================================
Received Import Request.
  Time since last request: 0.000019 seconds.
  path: Assets/AnyRPG/Core/Content/Images/Icons/Ability/AbilitySwordHitGlowCyan.png
  artifactKey: Guid(0c4a05f868dbafb4da7d43fbd7fb8114) Importer(815301076,1909f56bfc062723c751e8b465ee728b)
Start importing Assets/AnyRPG/Core/Content/Images/Icons/Ability/AbilitySwordHitGlowCyan.png using Guid(0c4a05f868dbafb4da7d43fbd7fb8114) Importer(815301076,1909f56bfc062723c751e8b465ee728b)  -> (artifact id: '24b8e5ba0f3d156c900cc2c553c5cc7f') in 0.016212 seconds
Number of updated asset objects reloaded before import = 0
Number of asset objects unloaded after import = 3
========================================================================
Received Import Request.
  Time since last request: 1.306653 seconds.
  path: Assets/AnyRPG/Core/Content/Images/Icons/Equipment/Weapon/Sword/BasicSteelOneHandSword.png
  artifactKey: Guid(a7d3b17e1b3a3ca47a8b8a89e7e8d489) Importer(815301076,1909f56bfc062723c751e8b465ee728b)
Start importing Assets/AnyRPG/Core/Content/Images/Icons/Equipment/Weapon/Sword/BasicSteelOneHandSword.png using Guid(a7d3b17e1b3a3ca47a8b8a89e7e8d489) Importer(815301076,1909f56bfc062723c751e8b465ee728b)  -> (artifact id: '0fc2356c4d32f8779711c14ad0f33e2d') in 0.012082 seconds
Number of updated asset objects reloaded before import = 0
Number of asset objects unloaded after import = 3
========================================================================
Received Import Request.
  Time since last request: 0.000012 seconds.
  path: Assets/UMA/Examples/DynamicCharacterSystem Examples/Assets/GUI/Textures/ColorSwatchFlat.png
  artifactKey: Guid(df24b1b2c8514b34aa75ea459233768b) Importer(815301076,1909f56bfc062723c751e8b465ee728b)
Start importing Assets/UMA/Examples/DynamicCharacterSystem Examples/Assets/GUI/Textures/ColorSwatchFlat.png using Guid(df24b1b2c8514b34aa75ea459233768b) Importer(815301076,1909f56bfc062723c751e8b465ee728b)  -> (artifact id: '5eca45b32dd70ae9d1c0fd934caf2e28') in 0.013575 seconds
Number of updated asset objects reloaded before import = 0
Number of asset objects unloaded after import = 3
========================================================================
Received Import Request.
  Time since last request: 0.000013 seconds.
  path: Assets/AnyRPG/Core/Content/Images/Icons/Equipment/Weapon/Sword/BasicSteelTwoHandSword.png
  artifactKey: Guid(695d5ad0d990e754b8d1d47a21355a33) Importer(815301076,1909f56bfc062723c751e8b465ee728b)
Start importing Assets/AnyRPG/Core/Content/Images/Icons/Equipment/Weapon/Sword/BasicSteelTwoHandSword.png using Guid(695d5ad0d990e754b8d1d47a21355a33) Importer(815301076,1909f56bfc062723c751e8b465ee728b)  -> (artifact id: 'f7ff4e04dc064e22094ccedaa5e3d098') in 0.013801 seconds
Number of updated asset objects reloaded before import = 0
Number of asset objects unloaded after import = 3
========================================================================
Received Import Request.
  Time since last request: 2.168291 seconds.
  path: Assets/AnyRPG/Core/Content/Images/Icons/Item/Minerals/GemsWhite.png
  artifactKey: Guid(ae535db71885d9543b99f211175b5c06) Importer(815301076,1909f56bfc062723c751e8b465ee728b)
Start importing Assets/AnyRPG/Core/Content/Images/Icons/Item/Minerals/GemsWhite.png using Guid(ae535db71885d9543b99f211175b5c06) Importer(815301076,1909f56bfc062723c751e8b465ee728b)  -> (artifact id: '1488dcc486816dad93b4ab17d9768518') in 0.014009 seconds
Number of updated asset objects reloaded before import = 0
Number of asset objects unloaded after import = 3
========================================================================
Received Import Request.
  Time since last request: 0.003706 seconds.
  path: Assets/AnyRPG/Core/System/Images/UI/Pixel/UISlotSword.png
  artifactKey: Guid(9c14ac78d557b564ca3f02251233740e) Importer(815301076,1909f56bfc062723c751e8b465ee728b)
Start importing Assets/AnyRPG/Core/System/Images/UI/Pixel/UISlotSword.png using Guid(9c14ac78d557b564ca3f02251233740e) Importer(815301076,1909f56bfc062723c751e8b465ee728b)  -> (artifact id: 'eec807f8188231971f3de31105b43b16') in 0.010497 seconds
Number of updated asset objects reloaded before import = 0
Number of asset objects unloaded after import = 3
Editor requested this worker to shutdown with reason: Scaling down because of idle timeout
TcpMessagingSession - receive error: operation aborted. errorcode: 995, details: The I/O operation has been aborted because of either a thread exit or an application request.
AssetImportWorker is now disconnected from the server
Process exiting
Exiting without the bug reporter. Application will terminate with return code 0