Using pre-set license
Built from '2022.3/staging' branch; Version is '2022.3.14f1 (eff2de9070d8) revision 15725278'; Using compiler version '192829333'; Build Type 'Release'
OS: 'Windows 11  (10.0.22621) 64bit Core' Language: 'en' Physical Memory: 65254 MB
BatchMode: 1, IsHumanControllingUs: 0, StartBugReporterOnCrash: 0, Is64bit: 1, IsPro: 1

COMMAND LINE ARGUMENTS:
C:\Program Files\Unity\Hub\Editor\2022.3.14f1\Editor\Unity.exe
-adb2
-batchMode
-noUpm
-name
AssetImportWorker6
-projectPath
C:/Users/Crazy/GitHubRepo/MMO_RPG
-logFile
Logs/AssetImportWorker6.log
-srvPort
61834
Successfully changed project path to: C:/Users/Crazy/GitHubRepo/MMO_RPG
C:/Users/Crazy/GitHubRepo/MMO_RPG
[UnityMemory] Configuration Parameters - Can be set up in boot.config
    "memorysetup-bucket-allocator-granularity=16"
    "memorysetup-bucket-allocator-bucket-count=8"
    "memorysetup-bucket-allocator-block-size=33554432"
    "memorysetup-bucket-allocator-block-count=8"
    "memorysetup-main-allocator-block-size=16777216"
    "memorysetup-thread-allocator-block-size=16777216"
    "memorysetup-gfx-main-allocator-block-size=16777216"
    "memorysetup-gfx-thread-allocator-block-size=16777216"
    "memorysetup-cache-allocator-block-size=4194304"
    "memorysetup-typetree-allocator-block-size=2097152"
    "memorysetup-profiler-bucket-allocator-granularity=16"
    "memorysetup-profiler-bucket-allocator-bucket-count=8"
    "memorysetup-profiler-bucket-allocator-block-size=33554432"
    "memorysetup-profiler-bucket-allocator-block-count=8"
    "memorysetup-profiler-allocator-block-size=16777216"
    "memorysetup-profiler-editor-allocator-block-size=1048576"
    "memorysetup-temp-allocator-size-main=16777216"
    "memorysetup-job-temp-allocator-block-size=2097152"
    "memorysetup-job-temp-allocator-block-size-background=1048576"
    "memorysetup-job-temp-allocator-reduction-small-platforms=262144"
    "memorysetup-allocator-temp-initial-block-size-main=262144"
    "memorysetup-allocator-temp-initial-block-size-worker=262144"
    "memorysetup-temp-allocator-size-background-worker=32768"
    "memorysetup-temp-allocator-size-job-worker=262144"
    "memorysetup-temp-allocator-size-preload-manager=33554432"
    "memorysetup-temp-allocator-size-nav-mesh-worker=65536"
    "memorysetup-temp-allocator-size-audio-worker=65536"
    "memorysetup-temp-allocator-size-cloud-worker=32768"
    "memorysetup-temp-allocator-size-gi-baking-worker=262144"
    "memorysetup-temp-allocator-size-gfx=262144"
Player connection [8348] Host "[IP] 192.168.254.38 [Port] 0 [Flags] 2 [Guid] 2040559589 [EditorId] 2040559589 [Version] 1048832 [Id] WindowsEditor(7,Bailey) [Debug] 1 [PackageName] WindowsEditor [ProjectName] Editor" joined multi-casting on [225.0.0.222:54997]...

Player connection [8348] Host "[IP] 192.168.254.38 [Port] 0 [Flags] 2 [Guid] 2040559589 [EditorId] 2040559589 [Version] 1048832 [Id] WindowsEditor(7,Bailey) [Debug] 1 [PackageName] WindowsEditor [ProjectName] Editor" joined alternative multi-casting on [225.0.0.222:34997]...

[Physics::Module] Initialized MultithreadedJobDispatcher with 23 workers.
Refreshing native plugins compatible for Editor in 3.41 ms, found 3 plugins.
Preloading 0 native plugins for Editor in 0.00 ms.
Initialize engine version: 2022.3.14f1 (eff2de9070d8)
[Subsystems] Discovering subsystems at path C:/Program Files/Unity/Hub/Editor/2022.3.14f1/Editor/Data/Resources/UnitySubsystems
[Subsystems] Discovering subsystems at path C:/Users/Crazy/GitHubRepo/MMO_RPG/Assets
GfxDevice: creating device client; threaded=0; jobified=0
Direct3D:
    Version:  Direct3D 11.0 [level 11.1]
    Renderer: NVIDIA GeForce RTX 4080 (ID=0x2704)
    Vendor:   NVIDIA
    VRAM:     16064 MB
    Driver:   31.0.15.4629
Initialize mono
Mono path[0] = 'C:/Program Files/Unity/Hub/Editor/2022.3.14f1/Editor/Data/Managed'
Mono path[1] = 'C:/Program Files/Unity/Hub/Editor/2022.3.14f1/Editor/Data/MonoBleedingEdge/lib/mono/unityjit-win32'
Mono config path = 'C:/Program Files/Unity/Hub/Editor/2022.3.14f1/Editor/Data/MonoBleedingEdge/etc'
Using monoOptions --debugger-agent=transport=dt_socket,embedding=1,server=y,suspend=n,address=127.0.0.1:56788
Begin MonoManager ReloadAssembly
Registering precompiled unity dll's ...
Register platform support module: C:/Program Files/Unity/Hub/Editor/2022.3.14f1/Editor/Data/PlaybackEngines/WebGLSupport/UnityEditor.WebGL.Extensions.dll
Register platform support module: C:/Program Files/Unity/Hub/Editor/2022.3.14f1/Editor/Data/PlaybackEngines/WindowsStandaloneSupport/UnityEditor.WindowsStandalone.Extensions.dll
Registered in 0.003078 seconds.
- Loaded All Assemblies, in  0.190 seconds
Native extension for WindowsStandalone target not found
Native extension for WebGL target not found
Mono: successfully reloaded assembly
- Finished resetting the current domain, in  0.139 seconds
Domain Reload Profiling: 328ms
	BeginReloadAssembly (56ms)
		ExecutionOrderSort (0ms)
		DisableScriptedObjects (0ms)
		BackupInstance (0ms)
		ReleaseScriptingObjects (0ms)
		CreateAndSetChildDomain (0ms)
	RebuildCommonClasses (19ms)
	RebuildNativeTypeToScriptingClass (6ms)
	initialDomainReloadingComplete (30ms)
	LoadAllAssembliesAndSetupDomain (79ms)
		LoadAssemblies (55ms)
		RebuildTransferFunctionScriptingTraits (0ms)
		AnalyzeDomain (78ms)
			TypeCache.Refresh (77ms)
				TypeCache.ScanAssembly (69ms)
			ScanForSourceGeneratedMonoScriptInfo (0ms)
			ResolveRequiredComponents (0ms)
	FinalizeReload (139ms)
		ReleaseScriptCaches (0ms)
		RebuildScriptCaches (0ms)
		SetupLoadedEditorAssemblies (105ms)
			LogAssemblyErrors (0ms)
			InitializePlatformSupportModulesInManaged (5ms)
			SetLoadedEditorAssemblies (3ms)
			RefreshPlugins (0ms)
			BeforeProcessingInitializeOnLoad (1ms)
			ProcessInitializeOnLoadAttributes (70ms)
			ProcessInitializeOnLoadMethodAttributes (26ms)
			AfterProcessingInitializeOnLoad (0ms)
			EditorAssembliesLoaded (0ms)
		ExecutionOrderSort2 (0ms)
		AwakeInstancesAfterBackupRestoration (0ms)
========================================================================
Worker process is ready to serve import requests
Begin MonoManager ReloadAssembly
- Loaded All Assemblies, in  0.356 seconds
Refreshing native plugins compatible for Editor in 1.67 ms, found 3 plugins.
Native extension for WindowsStandalone target not found
Native extension for WebGL target not found
Package Manager log level set to [2]
[Package Manager] Server::EnsureServerProcessIsRunning -- launch failed, reason: Unity was launched with the -noUpm command-line argument
[Package Manager] UpmClient::Send -- Unable to send message (not connected to UPM process).
[Package Manager] Cannot connect to Unity Package Manager local server
Mono: successfully reloaded assembly
- Finished resetting the current domain, in  0.457 seconds
Domain Reload Profiling: 812ms
	BeginReloadAssembly (80ms)
		ExecutionOrderSort (0ms)
		DisableScriptedObjects (3ms)
		BackupInstance (0ms)
		ReleaseScriptingObjects (0ms)
		CreateAndSetChildDomain (12ms)
	RebuildCommonClasses (19ms)
	RebuildNativeTypeToScriptingClass (6ms)
	initialDomainReloadingComplete (15ms)
	LoadAllAssembliesAndSetupDomain (235ms)
		LoadAssemblies (153ms)
		RebuildTransferFunctionScriptingTraits (0ms)
		AnalyzeDomain (128ms)
			TypeCache.Refresh (95ms)
				TypeCache.ScanAssembly (86ms)
			ScanForSourceGeneratedMonoScriptInfo (11ms)
			ResolveRequiredComponents (21ms)
	FinalizeReload (457ms)
		ReleaseScriptCaches (0ms)
		RebuildScriptCaches (0ms)
		SetupLoadedEditorAssemblies (356ms)
			LogAssemblyErrors (0ms)
			InitializePlatformSupportModulesInManaged (4ms)
			SetLoadedEditorAssemblies (2ms)
			RefreshPlugins (0ms)
			BeforeProcessingInitializeOnLoad (35ms)
			ProcessInitializeOnLoadAttributes (299ms)
			ProcessInitializeOnLoadMethodAttributes (13ms)
			AfterProcessingInitializeOnLoad (2ms)
			EditorAssembliesLoaded (0ms)
		ExecutionOrderSort2 (0ms)
		AwakeInstancesAfterBackupRestoration (3ms)
Launched and connected shader compiler UnityShaderCompiler.exe after 0.02 seconds
Refreshing native plugins compatible for Editor in 1.26 ms, found 3 plugins.
Preloading 0 native plugins for Editor in 0.00 ms.
Unloading 4507 Unused Serialized files (Serialized files now loaded: 0)
Unloading 51 unused Assets / (1.3 MB). Loaded Objects now: 4985.
Memory consumption went from 281.4 MB to 280.1 MB.
Total: 3.329700 ms (FindLiveObjects: 0.327900 ms CreateObjectMapping: 0.067800 ms MarkObjects: 2.612200 ms  DeleteObjects: 0.320900 ms)

AssetImportParameters requested are different than current active one (requested -> active):
  custom:container-demuxer-ogg: 62fdf1f143b41e24485cea50d1cbac27 -> 
  custom:video-codec-MediaFoundation-h265: 746d11721c4dcdbdad8f713fa42b33f4 -> 
  custom:video-decoder-ogg-theora: a1e56fd34408186e4bbccfd4996cb3dc -> 
  custom:framework-win-MediaFoundation: 216162199b28c13a410421893ffa2e32 -> 
  custom:CustomObjectIndexerAttribute: 756ad292c208cfabdd7b50bc23989ffe -> 
  custom:container-demuxer-webm: 4f35f7cbe854078d1ac9338744f61a02 -> 
  custom:container-muxer-webm: aa71ff27fc2769a1b78a27578f13a17b -> 
  custom:video-decoder-webm-vp8: 9c59270c3fd7afecdb556c50c9e8de78 -> 
  custom:SearchIndexIgnoredProperties: e643bd26f0fe6173181afceb89e7c659 -> 
  custom:AudioImporter_EditorPlatform: d09bf68614088b80899f8185d706f6e7 -> 
  custom:video-encoder-webm-vp8: eb34c28f22e8b96e1ab97ce403110664 -> 
  custom:audio-decoder-ogg-vorbis: bf7c407c2cedff20999df2af8eb42d56 -> 
  custom:audio-encoder-webm-vorbis: bf7c407c2cedff20999df2af8eb42d56 -> 
========================================================================
Received Import Request.
  Time since last request: 71619.859043 seconds.
  path: Assets/_TerrainAutoUpgrade/layer_Ground_1AGround_1A Normal8b14d1b41aa9d2e3.terrainlayer
  artifactKey: Guid(dfc3c5f9f81541c4dbe38f5daf8e77eb) Importer(815301076,1909f56bfc062723c751e8b465ee728b)
Start importing Assets/_TerrainAutoUpgrade/layer_Ground_1AGround_1A Normal8b14d1b41aa9d2e3.terrainlayer using Guid(dfc3c5f9f81541c4dbe38f5daf8e77eb) Importer(815301076,1909f56bfc062723c751e8b465ee728b)  -> (artifact id: 'e179d52f1d4783884a69a5f48f4d2f88') in 0.047144 seconds
Number of updated asset objects reloaded before import = 0
Number of asset objects unloaded after import = 4
========================================================================
Received Import Request.
  Time since last request: 49.716546 seconds.
  path: Assets/UMA/Content/Core/HumanShared/Overlays/Face/Eye/EyeAdjust/Default Eye Adjust.asset
  artifactKey: Guid(31b625579c8744547b02bdd5c42c557e) Importer(815301076,1909f56bfc062723c751e8b465ee728b)
Start importing Assets/UMA/Content/Core/HumanShared/Overlays/Face/Eye/EyeAdjust/Default Eye Adjust.asset using Guid(31b625579c8744547b02bdd5c42c557e) Importer(815301076,1909f56bfc062723c751e8b465ee728b)  -> (artifact id: '3e1ad8725a68e343cca720de10a2513c') in 0.004221 seconds
Number of updated asset objects reloaded before import = 0
Number of asset objects unloaded after import = 6
========================================================================
Received Import Request.
  Time since last request: 0.000463 seconds.
  path: Assets/UMA/Content/Core/HumanShared/Textures/Face/Eye/EyeAdjust/Default Eye Adjust_diffuse.png
  artifactKey: Guid(c0e5deae8a268a8468ef816cb746d8ee) Importer(815301076,1909f56bfc062723c751e8b465ee728b)
Start importing Assets/UMA/Content/Core/HumanShared/Textures/Face/Eye/EyeAdjust/Default Eye Adjust_diffuse.png using Guid(c0e5deae8a268a8468ef816cb746d8ee) Importer(815301076,1909f56bfc062723c751e8b465ee728b)  -> (artifact id: 'c9c28e1ebc8f950baa8f6f64aec00c74') in 0.016810 seconds
Number of updated asset objects reloaded before import = 0
Number of asset objects unloaded after import = 2
========================================================================
Received Import Request.
  Time since last request: 0.004859 seconds.
  path: Assets/UMA/Content/Core/HumanFemale/MechanimTemplates/DefaultFemaleAvatar.asset
  artifactKey: Guid(f988e41b65ea52d41aded70b0ed9b709) Importer(815301076,1909f56bfc062723c751e8b465ee728b)
Start importing Assets/UMA/Content/Core/HumanFemale/MechanimTemplates/DefaultFemaleAvatar.asset using Guid(f988e41b65ea52d41aded70b0ed9b709) Importer(815301076,1909f56bfc062723c751e8b465ee728b)  -> (artifact id: '0e607da7b0ab4ad801426a7bb1b43c33') in 0.001697 seconds
Number of updated asset objects reloaded before import = 0
Number of asset objects unloaded after import = 1
========================================================================
Received Import Request.
  Time since last request: 0.000681 seconds.
  path: Assets/AnyRPG/Core/System/Resources/SwappableMeshModelProfile/DefaultFemaleSwappableMeshModel.asset
  artifactKey: Guid(c711bb37f3e1095489d7218c50f3bbaa) Importer(815301076,1909f56bfc062723c751e8b465ee728b)
Start importing Assets/AnyRPG/Core/System/Resources/SwappableMeshModelProfile/DefaultFemaleSwappableMeshModel.asset using Guid(c711bb37f3e1095489d7218c50f3bbaa) Importer(815301076,1909f56bfc062723c751e8b465ee728b)  -> (artifact id: 'd1c90238aaf313b81697632c16d9f507') in 0.023814 seconds
Number of updated asset objects reloaded before import = 0
Number of asset objects unloaded after import = 7
========================================================================
Received Import Request.
  Time since last request: 0.000370 seconds.
  path: Assets/AnyRPG/Core/System/Resources/AudioProfile/DefaultFootstepHitsAudio.asset
  artifactKey: Guid(ad8ef5a79f8f8cd43acb7ab1cc06081c) Importer(815301076,1909f56bfc062723c751e8b465ee728b)
Start importing Assets/AnyRPG/Core/System/Resources/AudioProfile/DefaultFootstepHitsAudio.asset using Guid(ad8ef5a79f8f8cd43acb7ab1cc06081c) Importer(815301076,1909f56bfc062723c751e8b465ee728b)  -> (artifact id: '7949d9fda03951c0313370dcb7f4d071') in 0.039340 seconds
Number of updated asset objects reloaded before import = 0
Number of asset objects unloaded after import = 9
========================================================================
Received Import Request.
  Time since last request: 0.000011 seconds.
  path: Assets/AnyRPG/Core/System/Images/IconBackground/DefaultIconBackgroundLinear7.png
  artifactKey: Guid(8f6bce448205be547aa54dc642696f21) Importer(815301076,1909f56bfc062723c751e8b465ee728b)
Start importing Assets/AnyRPG/Core/System/Images/IconBackground/DefaultIconBackgroundLinear7.png using Guid(8f6bce448205be547aa54dc642696f21) Importer(815301076,1909f56bfc062723c751e8b465ee728b)  -> (artifact id: 'a94491659fd661c505d49517e0012dab') in 0.023272 seconds
Number of updated asset objects reloaded before import = 0
Number of asset objects unloaded after import = 3
========================================================================
Received Import Request.
  Time since last request: 0.000014 seconds.
  path: Assets/AnyRPG/Core/System/Images/IconBackground/DefaultIconBackgroundLinear10.png
  artifactKey: Guid(1049c469716abfe49849f90dbb87ebbe) Importer(815301076,1909f56bfc062723c751e8b465ee728b)
Start importing Assets/AnyRPG/Core/System/Images/IconBackground/DefaultIconBackgroundLinear10.png using Guid(1049c469716abfe49849f90dbb87ebbe) Importer(815301076,1909f56bfc062723c751e8b465ee728b)  -> (artifact id: '10ff18e41b7deafc1f59597a6371e1ab') in 0.014192 seconds
Number of updated asset objects reloaded before import = 0
Number of asset objects unloaded after import = 3
========================================================================
Received Import Request.
  Time since last request: 0.000025 seconds.
  path: Assets/AnyRPG/Core/System/Images/IconBackground/DefaultIconBackgroundLinear11.png
  artifactKey: Guid(f6728e7d73d6d1c4c81a7c71fbcba7ef) Importer(815301076,1909f56bfc062723c751e8b465ee728b)
Start importing Assets/AnyRPG/Core/System/Images/IconBackground/DefaultIconBackgroundLinear11.png using Guid(f6728e7d73d6d1c4c81a7c71fbcba7ef) Importer(815301076,1909f56bfc062723c751e8b465ee728b)  -> (artifact id: 'd719e50193a457ae9f73da89bf2ecf32') in 0.013409 seconds
Number of updated asset objects reloaded before import = 0
Number of asset objects unloaded after import = 3
========================================================================
Received Import Request.
  Time since last request: 0.000012 seconds.
  path: Assets/AnyRPG/Core/System/Images/IconBackground/DefaultIconBackgroundLinear6.png
  artifactKey: Guid(aab723be7ad009f42aa67487cfdc26a6) Importer(815301076,1909f56bfc062723c751e8b465ee728b)
Start importing Assets/AnyRPG/Core/System/Images/IconBackground/DefaultIconBackgroundLinear6.png using Guid(aab723be7ad009f42aa67487cfdc26a6) Importer(815301076,1909f56bfc062723c751e8b465ee728b)  -> (artifact id: '97ad7a7f6edf52cca2cdfb39423bd1ff') in 0.012257 seconds
Number of updated asset objects reloaded before import = 0
Number of asset objects unloaded after import = 3
========================================================================
Received Import Request.
  Time since last request: 0.000014 seconds.
  path: Assets/AnyRPG/Core/System/Images/IconBackground/DefaultIconBackgroundLinear2.png
  artifactKey: Guid(e7e35d09e9341f345827152e5248ac13) Importer(815301076,1909f56bfc062723c751e8b465ee728b)
Start importing Assets/AnyRPG/Core/System/Images/IconBackground/DefaultIconBackgroundLinear2.png using Guid(e7e35d09e9341f345827152e5248ac13) Importer(815301076,1909f56bfc062723c751e8b465ee728b)  -> (artifact id: 'e129e4fc6c5db5d8cf6c02c741232a06') in 0.014324 seconds
Number of updated asset objects reloaded before import = 0
Number of asset objects unloaded after import = 3
========================================================================
Received Import Request.
  Time since last request: 1.797444 seconds.
  path: Assets/AnyRPG/Core/Content/TemplatePackages/AudioProfile/DefaultSystemAudioTemplatePackage.asset
  artifactKey: Guid(b0e4dcfa5cbeaf24ea59227e9c7e9163) Importer(815301076,1909f56bfc062723c751e8b465ee728b)
Start importing Assets/AnyRPG/Core/Content/TemplatePackages/AudioProfile/DefaultSystemAudioTemplatePackage.asset using Guid(b0e4dcfa5cbeaf24ea59227e9c7e9163) Importer(815301076,1909f56bfc062723c751e8b465ee728b)  -> (artifact id: 'f59dc99e57be5164bd58af4805497add') in 0.013664 seconds
Number of updated asset objects reloaded before import = 0
Number of asset objects unloaded after import = 3
Editor requested this worker to shutdown with reason: Scaling down because of idle timeout
TcpMessagingSession - receive error: operation aborted. errorcode: 995, details: The I/O operation has been aborted because of either a thread exit or an application request.
AssetImportWorker is now disconnected from the server
Process exiting
Exiting without the bug reporter. Application will terminate with return code 0